TN:
SF:app.js
FN:32,(anonymous_0)
FN:37,(anonymous_1)
FNF:2
FNH:2
FNDA:2,(anonymous_0)
FNDA:52,(anonymous_1)
DA:5,5
DA:6,5
DA:8,5
DA:10,5
DA:11,5
DA:12,5
DA:13,5
DA:14,5
DA:17,5
DA:19,5
DA:21,5
DA:22,5
DA:23,5
DA:24,5
DA:26,5
DA:27,5
DA:28,5
DA:29,5
DA:32,5
DA:33,2
DA:37,5
DA:38,52
DA:41,52
DA:43,52
DA:48,5
LF:25
LH:25
BRDA:38,0,0,1
BRDA:38,0,1,51
BRF:2
BRH:2
end_of_record
TN:
SF:config.js
FN:13,getDatabaseUri
FNF:1
FNH:1
FNDA:12,getDatabaseUri
DA:5,11
DA:6,11
DA:8,11
DA:10,11
DA:14,12
DA:21,11
DA:23,11
DA:24,1
DA:34,11
LF:9
LH:9
BRDA:8,0,0,11
BRDA:8,0,1,10
BRDA:10,1,0,11
BRDA:10,1,1,10
BRDA:14,2,0,9
BRDA:14,2,1,3
BRDA:16,3,0,3
BRDA:16,3,1,1
BRDA:21,4,0,10
BRDA:21,4,1,1
BRDA:23,5,0,1
BRDA:23,5,1,10
BRF:12
BRH:12
end_of_record
TN:
SF:db.js
FN:14,connectDb
FNF:1
FNH:1
FNDA:8,connectDb
DA:5,8
DA:6,8
DA:8,8
DA:10,8
DA:16,8
DA:17,8
DA:18,8
DA:19,8
DA:25,8
DA:27,8
LF:10
LH:10
BRF:0
BRH:0
end_of_record
TN:
SF:expressError.js
FN:10,(anonymous_0)
FN:20,(anonymous_1)
FN:28,(anonymous_2)
FN:36,(anonymous_3)
FN:44,(anonymous_4)
FNF:5
FNH:4
FNDA:79,(anonymous_0)
FNDA:20,(anonymous_1)
FNDA:34,(anonymous_2)
FNDA:25,(anonymous_3)
FNDA:0,(anonymous_4)
DA:11,79
DA:12,79
DA:13,79
DA:21,20
DA:29,34
DA:37,25
DA:45,0
DA:49,9
LF:8
LH:7
BRDA:20,0,0,2
BRDA:28,1,0,30
BRDA:36,2,0,0
BRDA:44,3,0,0
BRF:4
BRH:2
end_of_record
TN:
SF:helpers/sql.js
FN:14,sqlForPartialUpdate
FN:19,(anonymous_1)
FNF:2
FNH:2
FNDA:20,sqlForPartialUpdate
FNDA:35,(anonymous_1)
DA:3,8
DA:15,20
DA:16,20
DA:19,17
DA:20,35
DA:23,17
DA:29,8
LF:7
LH:7
BRDA:16,0,0,3
BRDA:16,0,1,17
BRDA:20,1,0,35
BRDA:20,1,1,23
BRF:4
BRH:4
end_of_record
TN:
SF:helpers/tokens.js
FN:8,createToken
FNF:1
FNH:1
FNDA:15,createToken
DA:3,6
DA:4,6
DA:9,15
DA:14,15
DA:17,6
LF:5
LH:5
BRF:0
BRH:0
end_of_record
TN:
SF:middleware/auth.js
FN:18,authenticateJWT
FN:38,ensureLoggedIn
FN:49,ensureIsAdmin
FN:59,ensureCorrectUserOrAdmin
FNF:4
FNH:4
FNDA:86,authenticateJWT
FNDA:3,ensureLoggedIn
FNDA:41,ensureIsAdmin
FNDA:20,ensureCorrectUserOrAdmin
DA:5,6
DA:6,6
DA:7,6
DA:19,86
DA:20,86
DA:21,50
DA:23,50
DA:24,50
DA:29,86
DA:39,3
DA:40,2
DA:50,41
DA:51,23
DA:53,18
DA:60,20
DA:61,20
DA:63,20
DA:64,10
DA:66,10
DA:70,6
LF:20
LH:20
BRDA:20,0,0,50
BRDA:20,0,1,36
BRDA:39,1,0,1
BRDA:39,1,1,2
BRDA:50,2,0,23
BRDA:50,2,1,18
BRDA:50,3,0,41
BRDA:50,3,1,32
BRDA:63,4,0,10
BRDA:63,4,1,10
BRDA:63,5,0,20
BRDA:63,5,1,14
BRF:12
BRH:12
end_of_record
TN:
SF:models/_testCommon.js
FN:11,commonBeforeAll
FN:52,commonBeforeEach
FN:56,commonAfterEach
FN:60,commonAfterAll
FNF:4
FNH:4
FNDA:3,commonBeforeAll
FNDA:50,commonBeforeEach
FNDA:50,commonAfterEach
FNDA:3,commonAfterAll
DA:3,3
DA:5,3
DA:6,3
DA:8,3
DA:14,3
DA:16,3
DA:18,3
DA:24,3
DA:37,3
DA:45,3
DA:46,3
DA:53,50
DA:57,50
DA:61,3
DA:64,3
LF:15
LH:15
BRF:0
BRH:0
end_of_record
TN:
SF:models/company.js
FN:19,(anonymous_0)
FN:62,(anonymous_1)
FN:97,(anonymous_2)
FN:127,(anonymous_3)
FN:176,(anonymous_4)
FN:208,(anonymous_5)
FNF:6
FNH:6
FNDA:16,(anonymous_0)
FNDA:10,(anonymous_1)
FNDA:12,(anonymous_2)
FNDA:5,(anonymous_3)
FNDA:6,(anonymous_4)
FNDA:4,(anonymous_5)
DA:3,6
DA:4,6
DA:5,6
DA:20,16
DA:25,16
DA:26,1
DA:28,15
DA:48,15
DA:50,15
DA:63,10
DA:64,10
DA:65,10
DA:67,10
DA:68,5
DA:69,5
DA:72,10
DA:73,5
DA:74,5
DA:77,10
DA:78,5
DA:79,5
DA:82,10
DA:83,8
DA:85,10
DA:88,10
DA:99,12
DA:100,2
DA:103,10
DA:105,10
DA:114,10
DA:128,5
DA:137,5
DA:139,5
DA:141,3
DA:150,3
DA:151,3
DA:153,3
DA:177,6
DA:183,5
DA:185,5
DA:195,5
DA:196,5
DA:198,5
DA:200,3
DA:209,4
DA:214,4
DA:216,4
DA:221,6
LF:48
LH:48
BRDA:25,0,0,1
BRDA:25,0,1,15
BRDA:67,1,0,5
BRDA:67,1,1,5
BRDA:72,2,0,5
BRDA:72,2,1,5
BRDA:77,3,0,5
BRDA:77,3,1,5
BRDA:82,4,0,8
BRDA:82,4,1,2
BRDA:97,5,0,1
BRDA:99,6,0,2
BRDA:99,6,1,10
BRDA:139,7,0,2
BRDA:139,7,1,3
BRDA:198,8,0,2
BRDA:198,8,1,3
BRDA:216,9,0,2
BRDA:216,9,1,2
BRF:19
BRH:19
end_of_record
TN:
SF:models/job.js
FN:20,(anonymous_0)
FN:60,(anonymous_1)
FN:96,(anonymous_2)
FN:119,(anonymous_3)
FN:146,(anonymous_4)
FN:177,(anonymous_5)
FNF:6
FNH:6
FNDA:17,(anonymous_0)
FNDA:12,(anonymous_1)
FNDA:12,(anonymous_2)
FNDA:5,(anonymous_3)
FNDA:7,(anonymous_4)
FNDA:4,(anonymous_5)
DA:3,6
DA:4,6
DA:5,6
DA:22,17
DA:27,17
DA:28,1
DA:30,16
DA:49,14
DA:50,14
DA:61,12
DA:62,12
DA:63,12
DA:65,12
DA:66,2
DA:67,2
DA:70,12
DA:71,3
DA:72,3
DA:75,12
DA:76,2
DA:77,10
DA:78,3
DA:81,12
DA:82,8
DA:84,12
DA:87,12
DA:97,12
DA:98,12
DA:108,12
DA:120,5
DA:128,5
DA:130,5
DA:131,3
DA:147,7
DA:152,6
DA:154,6
DA:164,6
DA:165,6
DA:167,6
DA:169,4
DA:178,4
DA:183,4
DA:185,4
DA:191,6
LF:44
LH:44
BRDA:27,0,0,1
BRDA:27,0,1,16
BRDA:65,1,0,2
BRDA:65,1,1,10
BRDA:70,2,0,3
BRDA:70,2,1,9
BRDA:75,3,0,2
BRDA:75,3,1,10
BRDA:77,4,0,3
BRDA:77,4,1,7
BRDA:81,5,0,8
BRDA:81,5,1,4
BRDA:96,6,0,1
BRDA:130,7,0,2
BRDA:130,7,1,3
BRDA:167,8,0,2
BRDA:167,8,1,4
BRDA:185,9,0,2
BRDA:185,9,1,2
BRF:19
BRH:19
end_of_record
TN:
SF:models/user.js
FN:24,(anonymous_0)
FN:58,(anonymous_1)
FN:106,(anonymous_2)
FN:128,(anonymous_3)
FN:163,(anonymous_4)
FN:197,(anonymous_5)
FNF:6
FNH:6
FNDA:7,(anonymous_0)
FNDA:19,(anonymous_1)
FNDA:2,(anonymous_2)
FNDA:5,(anonymous_3)
FNDA:7,(anonymous_4)
FNDA:4,(anonymous_5)
DA:3,6
DA:4,6
DA:5,6
DA:10,6
DA:12,6
DA:26,7
DA:37,7
DA:39,7
DA:41,4
DA:42,4
DA:43,3
DA:44,3
DA:48,4
DA:60,19
DA:66,19
DA:67,1
DA:70,18
DA:72,18
DA:96,18
DA:98,18
DA:107,2
DA:117,2
DA:129,5
DA:139,5
DA:141,5
DA:143,3
DA:164,7
DA:165,2
DA:168,7
DA:175,6
DA:177,6
DA:186,6
DA:187,6
DA:189,6
DA:191,4
DA:192,4
DA:198,4
DA:204,4
DA:206,4
DA:211,6
LF:40
LH:40
BRDA:39,0,0,4
BRDA:39,0,1,3
BRDA:42,1,0,3
BRDA:42,1,1,1
BRDA:66,2,0,1
BRDA:66,2,1,18
BRDA:141,3,0,2
BRDA:141,3,1,3
BRDA:164,4,0,2
BRDA:164,4,1,5
BRDA:189,5,0,2
BRDA:189,5,1,4
BRDA:206,6,0,2
BRDA:206,6,1,2
BRF:14
BRH:14
end_of_record
TN:
SF:routes/_testCommon.js
FN:11,commonBeforeAll
FN:89,commonBeforeEach
FN:93,commonAfterEach
FN:97,commonAfterAll
FNF:4
FNH:4
FNDA:4,commonBeforeAll
FNDA:81,commonBeforeEach
FNDA:81,commonAfterEach
FNDA:4,commonAfterAll
DA:3,4
DA:4,4
DA:5,4
DA:6,4
DA:7,4
DA:9,4
DA:13,4
DA:15,4
DA:17,4
DA:25,4
DA:33,4
DA:42,4
DA:50,4
DA:58,4
DA:66,4
DA:72,4
DA:78,4
DA:84,4
DA:85,4
DA:86,4
DA:90,81
DA:94,81
DA:98,4
DA:102,4
DA:103,4
DA:115,4
LF:26
LH:26
BRF:0
BRH:0
end_of_record
TN:
SF:routes/auth.js
FN:22,(anonymous_0)
FN:29,(anonymous_1)
FN:49,(anonymous_2)
FN:56,(anonymous_3)
FNF:4
FNH:4
FNDA:5,(anonymous_0)
FNDA:2,(anonymous_1)
FNDA:3,(anonymous_2)
FNDA:5,(anonymous_3)
DA:5,5
DA:7,5
DA:8,5
DA:9,5
DA:10,5
DA:11,5
DA:12,5
DA:13,5
DA:22,5
DA:23,5
DA:28,5
DA:29,2
DA:30,2
DA:33,3
DA:34,3
DA:35,1
DA:36,1
DA:49,5
DA:50,3
DA:55,3
DA:56,5
DA:57,2
DA:60,1
DA:61,1
DA:62,1
DA:66,5
LF:26
LH:26
BRDA:28,0,0,2
BRDA:28,0,1,3
BRDA:55,1,0,2
BRDA:55,1,1,1
BRF:4
BRH:4
end_of_record
TN:
SF:routes/companies.js
FN:28,(anonymous_0)
FN:35,(anonymous_1)
FN:54,(anonymous_2)
FN:66,(anonymous_3)
FN:82,(anonymous_4)
FN:98,(anonymous_5)
FN:105,(anonymous_6)
FN:118,(anonymous_7)
FNF:8
FNH:8
FNDA:3,(anonymous_0)
FNDA:3,(anonymous_1)
FNDA:8,(anonymous_2)
FNDA:2,(anonymous_3)
FNDA:3,(anonymous_4)
FNDA:4,(anonymous_5)
FNDA:2,(anonymous_6)
FNDA:2,(anonymous_7)
DA:5,5
DA:6,5
DA:8,5
DA:9,5
DA:10,5
DA:12,5
DA:13,5
DA:14,5
DA:16,5
DA:28,5
DA:29,3
DA:34,3
DA:35,3
DA:36,2
DA:39,1
DA:40,1
DA:54,5
DA:55,8
DA:56,8
DA:57,6
DA:59,8
DA:60,4
DA:63,8
DA:65,8
DA:66,2
DA:67,2
DA:70,6
DA:71,5
DA:82,5
DA:83,3
DA:84,2
DA:98,5
DA:99,4
DA:104,4
DA:105,2
DA:106,2
DA:109,2
DA:110,1
DA:118,5
DA:119,2
DA:120,1
DA:124,5
LF:42
LH:42
BRDA:34,0,0,2
BRDA:34,0,1,1
BRDA:56,1,0,6
BRDA:56,1,1,2
BRDA:59,2,0,4
BRDA:59,2,1,4
BRDA:65,3,0,2
BRDA:65,3,1,6
BRDA:104,4,0,2
BRDA:104,4,1,2
BRF:10
BRH:10
end_of_record
TN:
SF:routes/jobs.js
FN:29,(anonymous_0)
FN:36,(anonymous_1)
FN:58,(anonymous_2)
FN:76,(anonymous_3)
FN:93,(anonymous_4)
FN:111,(anonymous_5)
FN:118,(anonymous_6)
FN:132,(anonymous_7)
FNF:8
FNH:8
FNDA:3,(anonymous_0)
FNDA:2,(anonymous_1)
FNDA:7,(anonymous_2)
FNDA:1,(anonymous_3)
FNDA:3,(anonymous_4)
FNDA:3,(anonymous_5)
FNDA:1,(anonymous_6)
FNDA:2,(anonymous_7)
DA:5,5
DA:6,5
DA:8,5
DA:9,5
DA:10,5
DA:12,5
DA:13,5
DA:14,5
DA:16,5
DA:29,5
DA:30,3
DA:35,3
DA:36,2
DA:37,2
DA:40,1
DA:41,1
DA:58,5
DA:59,7
DA:60,7
DA:61,1
DA:63,7
DA:64,2
DA:65,1
DA:66,1
DA:67,1
DA:73,7
DA:75,7
DA:76,1
DA:77,1
DA:80,6
DA:81,6
DA:93,5
DA:94,3
DA:95,2
DA:111,5
DA:112,3
DA:117,3
DA:118,1
DA:119,1
DA:122,2
DA:123,1
DA:132,5
DA:133,2
DA:134,1
DA:138,5
LF:45
LH:45
BRDA:35,0,0,2
BRDA:35,0,1,1
BRDA:60,1,0,1
BRDA:60,1,1,6
BRDA:63,2,0,2
BRDA:63,2,1,5
BRDA:64,3,0,1
BRDA:64,3,1,1
BRDA:66,4,0,1
BRDA:66,4,1,0
BRDA:75,5,0,1
BRDA:75,5,1,6
BRDA:117,6,0,1
BRDA:117,6,1,2
BRF:14
BRH:13
end_of_record
TN:
SF:routes/users.js
FN:30,(anonymous_0)
FN:37,(anonymous_1)
FN:54,(anonymous_2)
FN:67,(anonymous_3)
FN:83,(anonymous_4)
FN:90,(anonymous_5)
FN:104,(anonymous_6)
FNF:7
FNH:7
FNDA:4,(anonymous_0)
FNDA:5,(anonymous_1)
FNDA:1,(anonymous_2)
FNDA:3,(anonymous_3)
FNDA:4,(anonymous_4)
FNDA:1,(anonymous_5)
FNDA:2,(anonymous_6)
DA:5,5
DA:7,5
DA:8,5
DA:9,5
DA:10,5
DA:11,5
DA:12,5
DA:13,5
DA:15,5
DA:30,5
DA:31,4
DA:36,4
DA:37,5
DA:38,2
DA:41,2
DA:42,2
DA:43,2
DA:54,5
DA:55,1
DA:56,1
DA:67,5
DA:68,3
DA:69,2
DA:83,5
DA:84,4
DA:89,4
DA:90,1
DA:91,1
DA:94,3
DA:95,2
DA:104,5
DA:105,2
DA:106,1
DA:110,5
LF:34
LH:34
BRDA:36,0,0,2
BRDA:36,0,1,2
BRDA:89,1,0,1
BRDA:89,1,1,3
BRF:4
BRH:4
end_of_record
