TN:
SF:app.js
FN:30,(anonymous_0)
FN:35,(anonymous_1)
FNF:2
FNH:2
FNDA:2,(anonymous_0)
FNDA:39,(anonymous_1)
DA:5,4
DA:6,4
DA:8,4
DA:10,4
DA:11,4
DA:12,4
DA:13,4
DA:15,4
DA:17,4
DA:19,4
DA:20,4
DA:21,4
DA:22,4
DA:24,4
DA:25,4
DA:26,4
DA:30,4
DA:31,2
DA:35,4
DA:36,39
DA:39,39
DA:41,39
DA:46,4
LF:23
LH:23
BRDA:36,0,0,1
BRDA:36,0,1,38
BRF:2
BRH:2
end_of_record
TN:
SF:config.js
FN:13,getDatabaseUri
FNF:1
FNH:1
FNDA:10,getDatabaseUri
DA:5,9
DA:6,9
DA:8,9
DA:10,9
DA:14,10
DA:21,9
DA:23,9
DA:24,1
DA:34,9
LF:9
LH:9
BRDA:8,0,0,9
BRDA:8,0,1,8
BRDA:10,1,0,9
BRDA:10,1,1,8
BRDA:14,2,0,7
BRDA:14,2,1,3
BRDA:16,3,0,3
BRDA:16,3,1,1
BRDA:21,4,0,8
BRDA:21,4,1,1
BRDA:23,5,0,1
BRDA:23,5,1,8
BRF:12
BRH:12
end_of_record
TN:
SF:db.js
FN:14,connectDb
FNF:1
FNH:1
FNDA:6,connectDb
DA:5,6
DA:6,6
DA:8,6
DA:10,6
DA:16,6
DA:17,6
DA:18,6
DA:19,6
DA:25,6
DA:27,6
LF:10
LH:10
BRF:0
BRH:0
end_of_record
TN:
SF:expressError.js
FN:10,(anonymous_0)
FN:20,(anonymous_1)
FN:28,(anonymous_2)
FN:36,(anonymous_3)
FNF:4
FNH:4
FNDA:54,(anonymous_0)
FNDA:14,(anonymous_1)
FNDA:21,(anonymous_2)
FNDA:19,(anonymous_3)
DA:11,54
DA:12,54
DA:13,54
DA:21,14
DA:29,21
DA:37,19
DA:49,7
LF:7
LH:7
BRDA:20,0,0,2
BRDA:28,1,0,17
BRDA:36,2,0,0
BRF:3
BRH:2
end_of_record
TN:
SF:helpers/sql.js
FN:14,sqlForPartialUpdate
FN:19,(anonymous_1)
FNF:2
FNH:2
FNDA:13,sqlForPartialUpdate
FNDA:23,(anonymous_1)
DA:3,6
DA:15,13
DA:16,13
DA:19,11
DA:20,23
DA:23,11
DA:29,6
LF:7
LH:7
BRDA:16,0,0,2
BRDA:16,0,1,11
BRDA:20,1,0,23
BRDA:20,1,1,11
BRF:4
BRH:4
end_of_record
TN:
SF:helpers/tokens.js
FN:8,createToken
FNF:1
FNH:1
FNDA:13,createToken
DA:3,5
DA:4,5
DA:9,13
DA:14,13
DA:17,5
LF:5
LH:5
BRF:0
BRH:0
end_of_record
TN:
SF:middleware/auth.js
FN:18,authenticateJWT
FN:38,ensureLoggedIn
FN:50,isAdmin
FN:60,ensureCorrectUserOrAdmin
FNF:4
FNH:4
FNDA:62,authenticateJWT
FNDA:3,ensureLoggedIn
FNDA:23,isAdmin
FNDA:15,ensureCorrectUserOrAdmin
DA:5,5
DA:6,5
DA:7,5
DA:19,62
DA:20,62
DA:21,33
DA:23,33
DA:24,33
DA:29,62
DA:39,3
DA:40,2
DA:51,23
DA:52,14
DA:54,9
DA:61,15
DA:62,15
DA:64,15
DA:65,9
DA:67,6
DA:71,5
LF:20
LH:20
BRDA:20,0,0,33
BRDA:20,0,1,29
BRDA:39,1,0,1
BRDA:39,1,1,2
BRDA:51,2,0,14
BRDA:51,2,1,9
BRDA:51,3,0,23
BRDA:51,3,1,19
BRDA:64,4,0,9
BRDA:64,4,1,6
BRDA:64,5,0,15
BRDA:64,5,1,9
BRF:12
BRH:12
end_of_record
TN:
SF:models/_testCommon.js
FN:8,commonBeforeAll
FN:34,commonBeforeEach
FN:38,commonAfterEach
FN:42,commonAfterAll
FNF:4
FNH:4
FNDA:2,commonBeforeAll
FNDA:31,commonBeforeEach
FNDA:31,commonAfterEach
FNDA:2,commonAfterAll
DA:3,2
DA:5,2
DA:6,2
DA:10,2
DA:12,2
DA:14,2
DA:20,2
DA:35,31
DA:39,31
DA:43,2
DA:47,2
LF:11
LH:11
BRF:0
BRH:0
end_of_record
TN:
SF:models/company.js
FN:19,(anonymous_0)
FN:62,(anonymous_1)
FN:97,(anonymous_2)
FN:127,(anonymous_3)
FN:164,(anonymous_4)
FN:196,(anonymous_5)
FNF:6
FNH:6
FNDA:13,(anonymous_0)
FNDA:10,(anonymous_1)
FNDA:12,(anonymous_2)
FNDA:5,(anonymous_3)
FNDA:6,(anonymous_4)
FNDA:4,(anonymous_5)
DA:3,5
DA:4,5
DA:5,5
DA:20,13
DA:25,13
DA:26,1
DA:28,12
DA:48,12
DA:50,12
DA:63,10
DA:64,10
DA:65,10
DA:67,10
DA:68,5
DA:69,5
DA:72,10
DA:73,5
DA:74,5
DA:77,10
DA:78,5
DA:79,5
DA:82,10
DA:83,8
DA:85,10
DA:88,10
DA:99,12
DA:100,2
DA:103,10
DA:105,10
DA:114,10
DA:128,5
DA:137,5
DA:139,5
DA:141,3
DA:165,6
DA:171,5
DA:173,5
DA:183,5
DA:184,5
DA:186,5
DA:188,3
DA:197,4
DA:202,4
DA:204,4
DA:209,5
LF:45
LH:45
BRDA:25,0,0,1
BRDA:25,0,1,12
BRDA:67,1,0,5
BRDA:67,1,1,5
BRDA:72,2,0,5
BRDA:72,2,1,5
BRDA:77,3,0,5
BRDA:77,3,1,5
BRDA:82,4,0,8
BRDA:82,4,1,2
BRDA:97,5,0,1
BRDA:99,6,0,2
BRDA:99,6,1,10
BRDA:139,7,0,2
BRDA:139,7,1,3
BRDA:186,8,0,2
BRDA:186,8,1,3
BRDA:204,9,0,2
BRDA:204,9,1,2
BRF:19
BRH:19
end_of_record
TN:
SF:models/user.js
FN:24,(anonymous_0)
FN:58,(anonymous_1)
FN:106,(anonymous_2)
FN:128,(anonymous_3)
FN:163,(anonymous_4)
FN:197,(anonymous_5)
FNF:6
FNH:6
FNDA:7,(anonymous_0)
FNDA:16,(anonymous_1)
FNDA:2,(anonymous_2)
FNDA:5,(anonymous_3)
FNDA:7,(anonymous_4)
FNDA:4,(anonymous_5)
DA:3,5
DA:4,5
DA:5,5
DA:10,5
DA:12,5
DA:26,7
DA:37,7
DA:39,7
DA:41,4
DA:42,4
DA:43,3
DA:44,3
DA:48,4
DA:60,16
DA:66,16
DA:67,1
DA:70,15
DA:72,15
DA:96,15
DA:98,15
DA:107,2
DA:117,2
DA:129,5
DA:139,5
DA:141,5
DA:143,3
DA:164,7
DA:165,2
DA:168,7
DA:175,6
DA:177,6
DA:186,6
DA:187,6
DA:189,6
DA:191,4
DA:192,4
DA:198,4
DA:204,4
DA:206,4
DA:211,5
LF:40
LH:40
BRDA:39,0,0,4
BRDA:39,0,1,3
BRDA:42,1,0,3
BRDA:42,1,1,1
BRDA:66,2,0,1
BRDA:66,2,1,15
BRDA:141,3,0,2
BRDA:141,3,1,3
BRDA:164,4,0,2
BRDA:164,4,1,5
BRDA:189,5,0,2
BRDA:189,5,1,4
BRDA:206,6,0,2
BRDA:206,6,1,2
BRF:14
BRH:14
end_of_record
TN:
SF:routes/_testCommon.js
FN:8,commonBeforeAll
FN:65,commonBeforeEach
FN:69,commonAfterEach
FN:73,commonAfterAll
FNF:4
FNH:4
FNDA:3,commonBeforeAll
FNDA:57,commonBeforeEach
FNDA:57,commonAfterEach
FNDA:3,commonAfterAll
DA:3,3
DA:4,3
DA:5,3
DA:6,3
DA:10,3
DA:12,3
DA:14,3
DA:22,3
DA:30,3
DA:39,3
DA:47,3
DA:55,3
DA:66,57
DA:70,57
DA:74,3
DA:78,3
DA:79,3
DA:82,3
LF:18
LH:18
BRF:0
BRH:0
end_of_record
TN:
SF:routes/auth.js
FN:22,(anonymous_0)
FN:29,(anonymous_1)
FN:49,(anonymous_2)
FN:56,(anonymous_3)
FNF:4
FNH:4
FNDA:5,(anonymous_0)
FNDA:2,(anonymous_1)
FNDA:3,(anonymous_2)
FNDA:5,(anonymous_3)
DA:5,4
DA:7,4
DA:8,4
DA:9,4
DA:10,4
DA:11,4
DA:12,4
DA:13,4
DA:22,4
DA:23,5
DA:28,5
DA:29,2
DA:30,2
DA:33,3
DA:34,3
DA:35,1
DA:36,1
DA:49,4
DA:50,3
DA:55,3
DA:56,5
DA:57,2
DA:60,1
DA:61,1
DA:62,1
DA:66,4
LF:26
LH:26
BRDA:28,0,0,2
BRDA:28,0,1,3
BRDA:55,1,0,2
BRDA:55,1,1,1
BRF:4
BRH:4
end_of_record
TN:
SF:routes/companies.js
FN:28,(anonymous_0)
FN:35,(anonymous_1)
FN:54,(anonymous_2)
FN:66,(anonymous_3)
FN:82,(anonymous_4)
FN:98,(anonymous_5)
FN:105,(anonymous_6)
FN:118,(anonymous_7)
FNF:8
FNH:8
FNDA:3,(anonymous_0)
FNDA:3,(anonymous_1)
FNDA:8,(anonymous_2)
FNDA:2,(anonymous_3)
FNDA:3,(anonymous_4)
FNDA:4,(anonymous_5)
FNDA:2,(anonymous_6)
FNDA:2,(anonymous_7)
DA:5,4
DA:6,4
DA:8,4
DA:9,4
DA:10,4
DA:12,4
DA:13,4
DA:14,4
DA:16,4
DA:28,4
DA:29,3
DA:34,3
DA:35,3
DA:36,2
DA:39,1
DA:40,1
DA:54,4
DA:55,8
DA:56,8
DA:57,6
DA:59,8
DA:60,4
DA:63,8
DA:65,8
DA:66,2
DA:67,2
DA:70,6
DA:71,5
DA:82,4
DA:83,3
DA:84,2
DA:98,4
DA:99,4
DA:104,4
DA:105,2
DA:106,2
DA:109,2
DA:110,1
DA:118,4
DA:119,2
DA:120,1
DA:124,4
LF:42
LH:42
BRDA:34,0,0,2
BRDA:34,0,1,1
BRDA:56,1,0,6
BRDA:56,1,1,2
BRDA:59,2,0,4
BRDA:59,2,1,4
BRDA:65,3,0,2
BRDA:65,3,1,6
BRDA:104,4,0,2
BRDA:104,4,1,2
BRF:10
BRH:10
end_of_record
TN:
SF:routes/users.js
FN:30,(anonymous_0)
FN:37,(anonymous_1)
FN:54,(anonymous_2)
FN:67,(anonymous_3)
FN:83,(anonymous_4)
FN:90,(anonymous_5)
FN:104,(anonymous_6)
FNF:7
FNH:7
FNDA:4,(anonymous_0)
FNDA:5,(anonymous_1)
FNDA:1,(anonymous_2)
FNDA:3,(anonymous_3)
FNDA:4,(anonymous_4)
FNDA:1,(anonymous_5)
FNDA:2,(anonymous_6)
DA:5,4
DA:7,4
DA:8,4
DA:9,4
DA:10,4
DA:11,4
DA:12,4
DA:13,4
DA:15,4
DA:30,4
DA:31,4
DA:36,4
DA:37,5
DA:38,2
DA:41,2
DA:42,2
DA:43,2
DA:54,4
DA:55,1
DA:56,1
DA:67,4
DA:68,3
DA:69,2
DA:83,4
DA:84,4
DA:89,4
DA:90,1
DA:91,1
DA:94,3
DA:95,2
DA:104,4
DA:105,2
DA:106,1
DA:110,4
LF:34
LH:34
BRDA:36,0,0,2
BRDA:36,0,1,2
BRDA:89,1,0,1
BRDA:89,1,1,3
BRF:4
BRH:4
end_of_record
